{"C:\\Users\\ginny\\Classes-Other\\CSC307\\307-group-1\\packages\\express-backend\\models\\property.js": {"path":"C:\\Users\\ginny\\Classes-Other\\CSC307\\307-group-1\\packages\\express-backend\\models\\property.js","statementMap":{"0":{"start":{"line":3,"column":23},"end":{"line":28,"column":1}},"1":{"start":{"line":30,"column":17},"end":{"line":30,"column":59}}},"fnMap":{},"branchMap":{},"s":{"0":3,"1":3},"f":{},"b":{},"_coverageSchema":"1a1c01bbd47fc00a2c39e90264f33305004495a9","hash":"0f57dbd50651d1146a48522e8d13bcbe3b9334cc"}
,"C:\\Users\\ginny\\Classes-Other\\CSC307\\307-group-1\\packages\\express-backend\\models\\review.js": {"path":"C:\\Users\\ginny\\Classes-Other\\CSC307\\307-group-1\\packages\\express-backend\\models\\review.js","statementMap":{"0":{"start":{"line":3,"column":21},"end":{"line":31,"column":1}},"1":{"start":{"line":33,"column":15},"end":{"line":33,"column":53}}},"fnMap":{},"branchMap":{},"s":{"0":2,"1":2},"f":{},"b":{},"_coverageSchema":"1a1c01bbd47fc00a2c39e90264f33305004495a9","hash":"37ceb030f60581cc9c421396916b90c8ddf1d547"}
,"C:\\Users\\ginny\\Classes-Other\\CSC307\\307-group-1\\packages\\express-backend\\models\\user.js": {"path":"C:\\Users\\ginny\\Classes-Other\\CSC307\\307-group-1\\packages\\express-backend\\models\\user.js","statementMap":{"0":{"start":{"line":3,"column":17},"end":{"line":10,"column":2}},"1":{"start":{"line":12,"column":13},"end":{"line":12,"column":47}}},"fnMap":{},"branchMap":{},"s":{"0":1,"1":1},"f":{},"b":{},"_coverageSchema":"1a1c01bbd47fc00a2c39e90264f33305004495a9","hash":"da06fe35b8a7398ab6b48d074abfe5fd32ffc04d"}
,"C:\\Users\\ginny\\Classes-Other\\CSC307\\307-group-1\\packages\\express-backend\\services\\property-service.js": {"path":"C:\\Users\\ginny\\Classes-Other\\CSC307\\307-group-1\\packages\\express-backend\\services\\property-service.js","statementMap":{"0":{"start":{"line":4,"column":0},"end":{"line":4,"column":28}},"1":{"start":{"line":9,"column":2},"end":{"line":9,"column":30}},"2":{"start":{"line":13,"column":2},"end":{"line":13,"column":36}},"3":{"start":{"line":17,"column":2},"end":{"line":17,"column":42}},"4":{"start":{"line":18,"column":2},"end":{"line":33,"column":3}},"5":{"start":{"line":19,"column":17},"end":{"line":19,"column":43}},"6":{"start":{"line":20,"column":24},"end":{"line":22,"column":5}},"7":{"start":{"line":21,"column":15},"end":{"line":21,"column":51}},"8":{"start":{"line":24,"column":4},"end":{"line":30,"column":5}},"9":{"start":{"line":25,"column":6},"end":{"line":25,"column":42}},"10":{"start":{"line":26,"column":30},"end":{"line":26,"column":47}},"11":{"start":{"line":27,"column":6},"end":{"line":27,"column":29}},"12":{"start":{"line":29,"column":6},"end":{"line":29,"column":51}},"13":{"start":{"line":32,"column":4},"end":{"line":32,"column":51}},"14":{"start":{"line":37,"column":24},"end":{"line":37,"column":51}},"15":{"start":{"line":38,"column":18},"end":{"line":38,"column":38}},"16":{"start":{"line":39,"column":2},"end":{"line":39,"column":17}},"17":{"start":{"line":43,"column":2},"end":{"line":43,"column":45}},"18":{"start":{"line":47,"column":2},"end":{"line":54,"column":3}},"19":{"start":{"line":48,"column":17},"end":{"line":48,"column":43}},"20":{"start":{"line":49,"column":4},"end":{"line":49,"column":33}},"21":{"start":{"line":50,"column":28},"end":{"line":50,"column":45}},"22":{"start":{"line":51,"column":4},"end":{"line":51,"column":27}},"23":{"start":{"line":53,"column":4},"end":{"line":53,"column":49}},"24":{"start":{"line":70,"column":19},"end":{"line":70,"column":39}}},"fnMap":{"0":{"name":"getProps","decl":{"start":{"line":8,"column":9},"end":{"line":8,"column":17}},"loc":{"start":{"line":8,"column":20},"end":{"line":10,"column":1}},"line":8},"1":{"name":"findPropertyById","decl":{"start":{"line":12,"column":9},"end":{"line":12,"column":25}},"loc":{"start":{"line":12,"column":30},"end":{"line":14,"column":1}},"line":12},"2":{"name":"removePropReview","decl":{"start":{"line":16,"column":15},"end":{"line":16,"column":31}},"loc":{"start":{"line":16,"column":44},"end":{"line":34,"column":1}},"line":16},"3":{"name":"(anonymous_3)","decl":{"start":{"line":21,"column":6},"end":{"line":21,"column":7}},"loc":{"start":{"line":21,"column":15},"end":{"line":21,"column":51}},"line":21},"4":{"name":"addProperty","decl":{"start":{"line":36,"column":9},"end":{"line":36,"column":20}},"loc":{"start":{"line":36,"column":31},"end":{"line":40,"column":1}},"line":36},"5":{"name":"deletePropertyById","decl":{"start":{"line":42,"column":9},"end":{"line":42,"column":27}},"loc":{"start":{"line":42,"column":32},"end":{"line":44,"column":1}},"line":42},"6":{"name":"addPropertyReview","decl":{"start":{"line":46,"column":15},"end":{"line":46,"column":32}},"loc":{"start":{"line":46,"column":48},"end":{"line":55,"column":1}},"line":46},"7":{"name":"getPropertyReviewsById","decl":{"start":{"line":69,"column":9},"end":{"line":69,"column":31}},"loc":{"start":{"line":69,"column":36},"end":{"line":71,"column":1}},"line":69}},"branchMap":{"0":{"loc":{"start":{"line":24,"column":4},"end":{"line":30,"column":5}},"type":"if","locations":[{"start":{"line":24,"column":4},"end":{"line":30,"column":5}},{"start":{"line":28,"column":11},"end":{"line":30,"column":5}}],"line":24}},"s":{"0":1,"1":0,"2":0,"3":0,"4":0,"5":0,"6":0,"7":0,"8":0,"9":0,"10":0,"11":0,"12":0,"13":0,"14":0,"15":0,"16":0,"17":0,"18":0,"19":0,"20":0,"21":0,"22":0,"23":0,"24":0},"f":{"0":0,"1":0,"2":0,"3":0,"4":0,"5":0,"6":0,"7":0},"b":{"0":[0,0]},"_coverageSchema":"1a1c01bbd47fc00a2c39e90264f33305004495a9","hash":"c7befb52eca7d3a1fd005169a085a14884727ad0"}
,"C:\\Users\\ginny\\Classes-Other\\CSC307\\307-group-1\\packages\\express-backend\\services\\review-service.js": {"path":"C:\\Users\\ginny\\Classes-Other\\CSC307\\307-group-1\\packages\\express-backend\\services\\review-service.js","statementMap":{"0":{"start":{"line":4,"column":0},"end":{"line":4,"column":28}},"1":{"start":{"line":8,"column":2},"end":{"line":13,"column":3}},"2":{"start":{"line":9,"column":4},"end":{"line":9,"column":36}},"3":{"start":{"line":11,"column":4},"end":{"line":11,"column":51}},"4":{"start":{"line":12,"column":4},"end":{"line":12,"column":46}},"5":{"start":{"line":18,"column":2},"end":{"line":30,"column":3}},"6":{"start":{"line":19,"column":4},"end":{"line":21,"column":5}},"7":{"start":{"line":20,"column":6},"end":{"line":20,"column":43}},"8":{"start":{"line":22,"column":19},"end":{"line":22,"column":49}},"9":{"start":{"line":23,"column":4},"end":{"line":25,"column":5}},"10":{"start":{"line":24,"column":6},"end":{"line":24,"column":42}},"11":{"start":{"line":26,"column":4},"end":{"line":26,"column":18}},"12":{"start":{"line":28,"column":4},"end":{"line":28,"column":57}},"13":{"start":{"line":29,"column":4},"end":{"line":29,"column":16}},"14":{"start":{"line":35,"column":2},"end":{"line":37,"column":3}},"15":{"start":{"line":36,"column":4},"end":{"line":36,"column":47}},"16":{"start":{"line":38,"column":2},"end":{"line":40,"column":3}},"17":{"start":{"line":39,"column":4},"end":{"line":39,"column":43}},"18":{"start":{"line":41,"column":22},"end":{"line":41,"column":45}},"19":{"start":{"line":43,"column":2},"end":{"line":45,"column":4}},"20":{"start":{"line":47,"column":2},"end":{"line":57,"column":3}},"21":{"start":{"line":48,"column":24},"end":{"line":48,"column":48}},"22":{"start":{"line":49,"column":4},"end":{"line":49,"column":23}},"23":{"start":{"line":51,"column":4},"end":{"line":51,"column":49}},"24":{"start":{"line":52,"column":4},"end":{"line":56,"column":5}},"25":{"start":{"line":53,"column":6},"end":{"line":53,"column":18}},"26":{"start":{"line":55,"column":6},"end":{"line":55,"column":45}},"27":{"start":{"line":62,"column":2},"end":{"line":75,"column":3}},"28":{"start":{"line":63,"column":4},"end":{"line":65,"column":5}},"29":{"start":{"line":64,"column":6},"end":{"line":64,"column":43}},"30":{"start":{"line":67,"column":6},"end":{"line":67,"column":45}},"31":{"start":{"line":68,"column":4},"end":{"line":70,"column":5}},"32":{"start":{"line":69,"column":6},"end":{"line":69,"column":55}},"33":{"start":{"line":71,"column":4},"end":{"line":71,"column":25}},"34":{"start":{"line":73,"column":4},"end":{"line":73,"column":57}},"35":{"start":{"line":74,"column":4},"end":{"line":74,"column":16}}},"fnMap":{"0":{"name":"getReviews","decl":{"start":{"line":7,"column":15},"end":{"line":7,"column":25}},"loc":{"start":{"line":7,"column":28},"end":{"line":14,"column":1}},"line":7},"1":{"name":"getReviewById","decl":{"start":{"line":17,"column":15},"end":{"line":17,"column":28}},"loc":{"start":{"line":17,"column":33},"end":{"line":31,"column":1}},"line":17},"2":{"name":"addReview","decl":{"start":{"line":34,"column":15},"end":{"line":34,"column":24}},"loc":{"start":{"line":34,"column":46},"end":{"line":58,"column":1}},"line":34},"3":{"name":"deleteReviewById","decl":{"start":{"line":61,"column":15},"end":{"line":61,"column":31}},"loc":{"start":{"line":61,"column":36},"end":{"line":76,"column":1}},"line":61}},"branchMap":{"0":{"loc":{"start":{"line":19,"column":4},"end":{"line":21,"column":5}},"type":"if","locations":[{"start":{"line":19,"column":4},"end":{"line":21,"column":5}},{"start":{},"end":{}}],"line":19},"1":{"loc":{"start":{"line":23,"column":4},"end":{"line":25,"column":5}},"type":"if","locations":[{"start":{"line":23,"column":4},"end":{"line":25,"column":5}},{"start":{},"end":{}}],"line":23},"2":{"loc":{"start":{"line":35,"column":2},"end":{"line":37,"column":3}},"type":"if","locations":[{"start":{"line":35,"column":2},"end":{"line":37,"column":3}},{"start":{},"end":{}}],"line":35},"3":{"loc":{"start":{"line":38,"column":2},"end":{"line":40,"column":3}},"type":"if","locations":[{"start":{"line":38,"column":2},"end":{"line":40,"column":3}},{"start":{},"end":{}}],"line":38},"4":{"loc":{"start":{"line":52,"column":4},"end":{"line":56,"column":5}},"type":"if","locations":[{"start":{"line":52,"column":4},"end":{"line":56,"column":5}},{"start":{"line":54,"column":11},"end":{"line":56,"column":5}}],"line":52},"5":{"loc":{"start":{"line":63,"column":4},"end":{"line":65,"column":5}},"type":"if","locations":[{"start":{"line":63,"column":4},"end":{"line":65,"column":5}},{"start":{},"end":{}}],"line":63},"6":{"loc":{"start":{"line":68,"column":4},"end":{"line":70,"column":5}},"type":"if","locations":[{"start":{"line":68,"column":4},"end":{"line":70,"column":5}},{"start":{},"end":{}}],"line":68}},"s":{"0":1,"1":0,"2":0,"3":0,"4":0,"5":0,"6":0,"7":0,"8":0,"9":0,"10":0,"11":0,"12":0,"13":0,"14":0,"15":0,"16":0,"17":0,"18":0,"19":0,"20":0,"21":0,"22":0,"23":0,"24":0,"25":0,"26":0,"27":0,"28":0,"29":0,"30":0,"31":0,"32":0,"33":0,"34":0,"35":0},"f":{"0":0,"1":0,"2":0,"3":0},"b":{"0":[0,0],"1":[0,0],"2":[0,0],"3":[0,0],"4":[0,0],"5":[0,0],"6":[0,0]},"_coverageSchema":"1a1c01bbd47fc00a2c39e90264f33305004495a9","hash":"29baf05fbccea343cbbafe8d6447955fba8f0591"}
}
