{"C:\\Users\\ginny\\Classes-Other\\CSC307\\307-group-1\\packages\\express-backend\\models\\property.js": {"path":"C:\\Users\\ginny\\Classes-Other\\CSC307\\307-group-1\\packages\\express-backend\\models\\property.js","statementMap":{"0":{"start":{"line":3,"column":23},"end":{"line":28,"column":1}},"1":{"start":{"line":30,"column":17},"end":{"line":30,"column":59}}},"fnMap":{},"branchMap":{},"s":{"0":2,"1":2},"f":{},"b":{},"_coverageSchema":"1a1c01bbd47fc00a2c39e90264f33305004495a9","hash":"0f57dbd50651d1146a48522e8d13bcbe3b9334cc"}
,"C:\\Users\\ginny\\Classes-Other\\CSC307\\307-group-1\\packages\\express-backend\\models\\review.js": {"path":"C:\\Users\\ginny\\Classes-Other\\CSC307\\307-group-1\\packages\\express-backend\\models\\review.js","statementMap":{"0":{"start":{"line":3,"column":21},"end":{"line":31,"column":1}},"1":{"start":{"line":33,"column":15},"end":{"line":33,"column":53}}},"fnMap":{},"branchMap":{},"s":{"0":1,"1":1},"f":{},"b":{},"_coverageSchema":"1a1c01bbd47fc00a2c39e90264f33305004495a9","hash":"37ceb030f60581cc9c421396916b90c8ddf1d547"}
,"C:\\Users\\ginny\\Classes-Other\\CSC307\\307-group-1\\packages\\express-backend\\services\\property-service.js": {"path":"C:\\Users\\ginny\\Classes-Other\\CSC307\\307-group-1\\packages\\express-backend\\services\\property-service.js","statementMap":{"0":{"start":{"line":4,"column":0},"end":{"line":4,"column":28}},"1":{"start":{"line":16,"column":2},"end":{"line":16,"column":30}},"2":{"start":{"line":20,"column":2},"end":{"line":20,"column":36}},"3":{"start":{"line":24,"column":2},"end":{"line":24,"column":42}},"4":{"start":{"line":25,"column":2},"end":{"line":37,"column":57}},"5":{"start":{"line":27,"column":20},"end":{"line":27,"column":55}},"6":{"start":{"line":28,"column":6},"end":{"line":35,"column":7}},"7":{"start":{"line":29,"column":8},"end":{"line":32,"column":10}},"8":{"start":{"line":34,"column":8},"end":{"line":34,"column":53}},"9":{"start":{"line":37,"column":34},"end":{"line":37,"column":54}},"10":{"start":{"line":41,"column":24},"end":{"line":41,"column":51}},"11":{"start":{"line":42,"column":18},"end":{"line":42,"column":38}},"12":{"start":{"line":43,"column":2},"end":{"line":43,"column":17}},"13":{"start":{"line":47,"column":2},"end":{"line":47,"column":45}},"14":{"start":{"line":51,"column":2},"end":{"line":56,"column":57}},"15":{"start":{"line":53,"column":6},"end":{"line":53,"column":35}},"16":{"start":{"line":54,"column":6},"end":{"line":54,"column":25}},"17":{"start":{"line":56,"column":34},"end":{"line":56,"column":54}},"18":{"start":{"line":72,"column":19},"end":{"line":72,"column":39}}},"fnMap":{"0":{"name":"getProps","decl":{"start":{"line":15,"column":9},"end":{"line":15,"column":17}},"loc":{"start":{"line":15,"column":20},"end":{"line":17,"column":1}},"line":15},"1":{"name":"findPropertyById","decl":{"start":{"line":19,"column":9},"end":{"line":19,"column":25}},"loc":{"start":{"line":19,"column":30},"end":{"line":21,"column":1}},"line":19},"2":{"name":"removePropReview","decl":{"start":{"line":23,"column":15},"end":{"line":23,"column":31}},"loc":{"start":{"line":23,"column":44},"end":{"line":38,"column":1}},"line":23},"3":{"name":"(anonymous_3)","decl":{"start":{"line":26,"column":10},"end":{"line":26,"column":11}},"loc":{"start":{"line":26,"column":20},"end":{"line":36,"column":5}},"line":26},"4":{"name":"(anonymous_4)","decl":{"start":{"line":37,"column":23},"end":{"line":37,"column":24}},"loc":{"start":{"line":37,"column":34},"end":{"line":37,"column":54}},"line":37},"5":{"name":"addProperty","decl":{"start":{"line":40,"column":9},"end":{"line":40,"column":20}},"loc":{"start":{"line":40,"column":31},"end":{"line":44,"column":1}},"line":40},"6":{"name":"deletePropertyById","decl":{"start":{"line":46,"column":9},"end":{"line":46,"column":27}},"loc":{"start":{"line":46,"column":32},"end":{"line":48,"column":1}},"line":46},"7":{"name":"addPropertyReview","decl":{"start":{"line":50,"column":15},"end":{"line":50,"column":32}},"loc":{"start":{"line":50,"column":48},"end":{"line":57,"column":1}},"line":50},"8":{"name":"(anonymous_8)","decl":{"start":{"line":52,"column":10},"end":{"line":52,"column":11}},"loc":{"start":{"line":52,"column":20},"end":{"line":55,"column":5}},"line":52},"9":{"name":"(anonymous_9)","decl":{"start":{"line":56,"column":23},"end":{"line":56,"column":24}},"loc":{"start":{"line":56,"column":34},"end":{"line":56,"column":54}},"line":56},"10":{"name":"getPropertyReviewsById","decl":{"start":{"line":71,"column":9},"end":{"line":71,"column":31}},"loc":{"start":{"line":71,"column":36},"end":{"line":73,"column":1}},"line":71}},"branchMap":{"0":{"loc":{"start":{"line":28,"column":6},"end":{"line":35,"column":7}},"type":"if","locations":[{"start":{"line":28,"column":6},"end":{"line":35,"column":7}},{"start":{"line":33,"column":13},"end":{"line":35,"column":7}}],"line":28}},"s":{"0":0,"1":0,"2":0,"3":0,"4":0,"5":0,"6":0,"7":0,"8":0,"9":0,"10":0,"11":0,"12":0,"13":0,"14":0,"15":0,"16":0,"17":0,"18":0},"f":{"0":0,"1":0,"2":0,"3":0,"4":0,"5":0,"6":0,"7":0,"8":0,"9":0,"10":0},"b":{"0":[0,0]}}
,"C:\\Users\\ginny\\Classes-Other\\CSC307\\307-group-1\\packages\\express-backend\\services\\review-service.js": {"path":"C:\\Users\\ginny\\Classes-Other\\CSC307\\307-group-1\\packages\\express-backend\\services\\review-service.js","statementMap":{"0":{"start":{"line":4,"column":0},"end":{"line":4,"column":28}},"1":{"start":{"line":15,"column":2},"end":{"line":15,"column":28}},"2":{"start":{"line":19,"column":2},"end":{"line":19,"column":34}},"3":{"start":{"line":23,"column":22},"end":{"line":23,"column":45}},"4":{"start":{"line":24,"column":2},"end":{"line":24,"column":37}},"5":{"start":{"line":25,"column":18},"end":{"line":25,"column":36}},"6":{"start":{"line":26,"column":2},"end":{"line":26,"column":17}},"7":{"start":{"line":30,"column":2},"end":{"line":30,"column":43}}},"fnMap":{"0":{"name":"getReviews","decl":{"start":{"line":14,"column":9},"end":{"line":14,"column":19}},"loc":{"start":{"line":14,"column":22},"end":{"line":16,"column":1}},"line":14},"1":{"name":"getReviewById","decl":{"start":{"line":18,"column":9},"end":{"line":18,"column":22}},"loc":{"start":{"line":18,"column":27},"end":{"line":20,"column":1}},"line":18},"2":{"name":"addReview","decl":{"start":{"line":22,"column":9},"end":{"line":22,"column":18}},"loc":{"start":{"line":22,"column":40},"end":{"line":27,"column":1}},"line":22},"3":{"name":"deleteReviewById","decl":{"start":{"line":29,"column":9},"end":{"line":29,"column":25}},"loc":{"start":{"line":29,"column":30},"end":{"line":31,"column":1}},"line":29}},"branchMap":{},"s":{"0":0,"1":0,"2":0,"3":0,"4":0,"5":0,"6":0,"7":0},"f":{"0":0,"1":0,"2":0,"3":0},"b":{}}
}
