TN:
SF:models\property.js
FNF:0
FNH:0
DA:3,3
DA:30,3
LF:2
LH:2
BRF:0
BRH:0
end_of_record
TN:
SF:models\review.js
FNF:0
FNH:0
DA:3,2
DA:33,2
LF:2
LH:2
BRF:0
BRH:0
end_of_record
TN:
SF:models\user.js
FNF:0
FNH:0
DA:3,1
DA:12,1
LF:2
LH:2
BRF:0
BRH:0
end_of_record
TN:
SF:services\property-service.js
FN:8,getProps
FN:12,findPropertyById
FN:16,removePropReview
FN:21,(anonymous_3)
FN:36,addProperty
FN:42,deletePropertyById
FN:46,addPropertyReview
FN:69,getPropertyReviewsById
FNF:8
FNH:0
FNDA:0,getProps
FNDA:0,findPropertyById
FNDA:0,removePropReview
FNDA:0,(anonymous_3)
FNDA:0,addProperty
FNDA:0,deletePropertyById
FNDA:0,addPropertyReview
FNDA:0,getPropertyReviewsById
DA:4,1
DA:9,0
DA:13,0
DA:17,0
DA:18,0
DA:19,0
DA:20,0
DA:21,0
DA:24,0
DA:25,0
DA:26,0
DA:27,0
DA:29,0
DA:32,0
DA:37,0
DA:38,0
DA:39,0
DA:43,0
DA:47,0
DA:48,0
DA:49,0
DA:50,0
DA:51,0
DA:53,0
DA:70,0
LF:25
LH:1
BRDA:24,0,0,0
BRDA:24,0,1,0
BRF:2
BRH:0
end_of_record
TN:
SF:services\review-service.js
FN:7,getReviews
FN:17,getReviewById
FN:34,addReview
FN:61,deleteReviewById
FNF:4
FNH:0
FNDA:0,getReviews
FNDA:0,getReviewById
FNDA:0,addReview
FNDA:0,deleteReviewById
DA:4,1
DA:8,0
DA:9,0
DA:11,0
DA:12,0
DA:18,0
DA:19,0
DA:20,0
DA:22,0
DA:23,0
DA:24,0
DA:26,0
DA:28,0
DA:29,0
DA:35,0
DA:36,0
DA:38,0
DA:39,0
DA:41,0
DA:43,0
DA:47,0
DA:48,0
DA:49,0
DA:51,0
DA:52,0
DA:53,0
DA:55,0
DA:62,0
DA:63,0
DA:64,0
DA:67,0
DA:68,0
DA:69,0
DA:71,0
DA:73,0
DA:74,0
LF:36
LH:1
BRDA:19,0,0,0
BRDA:19,0,1,0
BRDA:23,1,0,0
BRDA:23,1,1,0
BRDA:35,2,0,0
BRDA:35,2,1,0
BRDA:38,3,0,0
BRDA:38,3,1,0
BRDA:52,4,0,0
BRDA:52,4,1,0
BRDA:63,5,0,0
BRDA:63,5,1,0
BRDA:68,6,0,0
BRDA:68,6,1,0
BRF:14
BRH:0
end_of_record
