TN:
SF:models\property.js
FNF:0
FNH:0
DA:3,4
DA:30,4
LF:2
LH:2
BRF:0
BRH:0
end_of_record
TN:
SF:models\review.js
FNF:0
FNH:0
DA:3,2
DA:33,2
LF:2
LH:2
BRF:0
BRH:0
end_of_record
TN:
SF:services\property-service.js
FN:15,getProps
FN:19,findPropertyById
FN:23,removePropReview
FN:28,(anonymous_3)
FN:43,addProperty
FN:49,deletePropertyById
FN:53,addPropertyReview
FN:76,getPropertyReviewsById
FNF:8
FNH:7
FNDA:1,getProps
FNDA:5,findPropertyById
FNDA:2,removePropReview
FNDA:2,(anonymous_3)
FNDA:1,addProperty
FNDA:1,deletePropertyById
FNDA:2,addPropertyReview
FNDA:0,getPropertyReviewsById
DA:4,1
DA:16,1
DA:20,5
DA:24,2
DA:25,2
DA:26,2
DA:27,2
DA:28,2
DA:31,2
DA:32,1
DA:33,1
DA:34,1
DA:36,1
DA:39,1
DA:44,1
DA:45,1
DA:46,1
DA:50,1
DA:54,2
DA:55,2
DA:56,2
DA:57,1
DA:58,1
DA:60,1
DA:77,0
LF:25
LH:24
BRDA:31,0,0,1
BRDA:31,0,1,1
BRF:2
BRH:2
end_of_record
TN:
SF:services\review-service.js
FN:14,getReviews
FN:18,getReviewById
FN:22,addReview
FN:29,deleteReviewById
FNF:4
FNH:0
FNDA:0,getReviews
FNDA:0,getReviewById
FNDA:0,addReview
FNDA:0,deleteReviewById
DA:4,0
DA:15,0
DA:19,0
DA:23,0
DA:24,0
DA:25,0
DA:26,0
DA:30,0
LF:8
LH:0
BRF:0
BRH:0
end_of_record
